2025-05-17 13:02:30,357 - INFO - Detecting and treating outliers using traditional methods...
2025-05-17 13:02:30,360 - INFO - 34 rows were removed because they contained NaN values.
2025-05-17 13:02:30,362 - INFO - The feature Unnamed: 0 has 0 values above 616.8809748162058
2025-05-17 13:02:30,362 - INFO - The feature Unnamed: 0 has 0 values below -172.4144621141273
2025-05-17 13:02:30,363 - INFO - The feature Player Name is not numeric and was therefore ignored
2025-05-17 13:02:30,376 - INFO - The feature Salary has 48 values above 25171860.0
2025-05-17 13:02:30,376 - INFO - The feature Salary has 0 values below -12045740.0
2025-05-17 13:02:30,377 - INFO - The feature Position is not numeric and was therefore ignored
2025-05-17 13:02:30,380 - INFO - The feature Age has 2 values above 38.98492979359507
2025-05-17 13:02:30,380 - INFO - The feature Age has 0 values below 12.86264526414165
2025-05-17 13:02:30,381 - INFO - The feature Team is not numeric and was therefore ignored
2025-05-17 13:02:30,396 - INFO - The feature GP has 0 values above 120.12540973505637
2025-05-17 13:02:30,397 - INFO - The feature GP has 0 values below -18.531876247758447
2025-05-17 13:02:30,418 - INFO - The feature GS has 0 values above 106.05627153527236
2025-05-17 13:02:30,419 - INFO - The feature GS has 0 values below -58.1486502881592
2025-05-17 13:02:30,438 - INFO - The feature MP has 0 values above 47.87463511973293
2025-05-17 13:02:30,440 - INFO - The feature MP has 0 values below -6.359161678624389
2025-05-17 13:02:30,461 - INFO - The feature FG has 17 values above 8.95
2025-05-17 13:02:30,462 - INFO - The feature FG has 0 values below -2.6499999999999995
2025-05-17 13:02:30,482 - INFO - The feature FGA has 15 values above 18.950000000000003
2025-05-17 13:02:30,483 - INFO - The feature FGA has 0 values below -5.45
2025-05-17 13:02:30,496 - INFO - The feature FG% has 5 values above 0.7181720563164838
2025-05-17 13:02:30,501 - INFO - The feature FG% has 3 values below 0.21383718155880482
2025-05-17 13:02:30,520 - INFO - The feature 3P has 7 values above 3.4000000000000004
2025-05-17 13:02:30,520 - INFO - The feature 3P has 0 values below -1.4000000000000004
2025-05-17 13:02:30,534 - INFO - The feature 3PA has 4 values above 9.724129952637163
2025-05-17 13:02:30,535 - INFO - The feature 3PA has 0 values below -3.7994186362399347
2025-05-17 13:02:30,546 - INFO - The feature 3P% has 3 values above 0.6960983716047672
2025-05-17 13:02:30,546 - INFO - The feature 3P% has 0 values below -0.04148867183571403
2025-05-17 13:02:30,562 - INFO - The feature 2P has 17 values above 7.0
2025-05-17 13:02:30,562 - INFO - The feature 2P has 0 values below -2.5999999999999996
2025-05-17 13:02:30,579 - INFO - The feature 2PA has 21 values above 12.399999999999999
2025-05-17 13:02:30,579 - INFO - The feature 2PA has 0 values below -4.399999999999999
2025-05-17 13:02:30,587 - INFO - The feature 2P% has 3 values above 0.8520890081070058
2025-05-17 13:02:30,588 - INFO - The feature 2P% has 4 values below 0.22112577249345605
2025-05-17 13:02:30,602 - INFO - The feature eFG% has 4 values above 0.7614929312690248
2025-05-17 13:02:30,602 - INFO - The feature eFG% has 5 values below 0.31161099482797283
2025-05-17 13:02:30,615 - INFO - The feature FT has 39 values above 3.9999999999999996
2025-05-17 13:02:30,616 - INFO - The feature FT has 0 values below -1.5999999999999996
2025-05-17 13:02:30,643 - INFO - The feature FTA has 33 values above 5.2
2025-05-17 13:02:30,644 - INFO - The feature FTA has 0 values below -2.0
2025-05-17 13:02:30,665 - INFO - The feature FT% has 0 values above 1.0645
2025-05-17 13:02:30,680 - INFO - The feature FT% has 11 values below 0.4764999999999999
2025-05-17 13:02:30,713 - INFO - The feature ORB has 27 values above 2.1500000000000004
2025-05-17 13:02:30,713 - INFO - The feature ORB has 0 values below -0.65
2025-05-17 13:02:30,726 - INFO - The feature DRB has 19 values above 6.35
2025-05-17 13:02:30,727 - INFO - The feature DRB has 0 values below -1.2499999999999996
2025-05-17 13:02:30,735 - INFO - The feature TRB has 23 values above 8.1
2025-05-17 13:02:30,735 - INFO - The feature TRB has 0 values below -1.4999999999999996
2025-05-17 13:02:30,748 - INFO - The feature AST has 26 values above 6.15
2025-05-17 13:02:30,748 - INFO - The feature AST has 0 values below -2.2500000000000004
2025-05-17 13:02:30,754 - INFO - The feature STL has 5 values above 1.7585504687080196
2025-05-17 13:02:30,754 - INFO - The feature STL has 0 values below -0.4952710229805368
2025-05-17 13:02:30,771 - INFO - The feature BLK has 28 values above 0.95
2025-05-17 13:02:30,771 - INFO - The feature BLK has 0 values below -0.24999999999999994
2025-05-17 13:02:30,781 - INFO - The feature TOV has 28 values above 2.85
2025-05-17 13:02:30,781 - INFO - The feature TOV has 0 values below -0.7500000000000001
2025-05-17 13:02:30,792 - INFO - The feature PF has 2 values above 3.9606197663821305
2025-05-17 13:02:30,793 - INFO - The feature PF has 0 values below -0.4299038310472574
2025-05-17 13:02:30,807 - INFO - The feature PTS has 23 values above 24.2
2025-05-17 13:02:30,807 - INFO - The feature PTS has 0 values below -6.999999999999999
2025-05-17 13:02:30,808 - INFO - The feature Player-additional is not numeric and was therefore ignored
2025-05-17 13:03:41,896 - INFO - Detecting and treating outliers using traditional methods...
2025-05-17 13:03:41,898 - INFO - 0 rows were removed because they contained NaN values.
2025-05-17 13:03:41,901 - INFO - The feature age has 0 values above 81.35690654870976
2025-05-17 13:03:41,901 - INFO - The feature age has 0 values below -2.942855726587176
2025-05-17 13:03:41,901 - INFO - The feature sex is not numeric and was therefore ignored
2025-05-17 13:03:41,908 - INFO - The feature bmi has 4 values above 48.95795759602359
2025-05-17 13:03:41,909 - INFO - The feature bmi has 0 values below 12.368836125949507
2025-05-17 13:03:41,915 - INFO - The feature children has 18 values above 4.711396007088641
2025-05-17 13:03:41,915 - INFO - The feature children has 0 values below -2.521560431602842
2025-05-17 13:03:41,916 - INFO - The feature smoker is not numeric and was therefore ignored
2025-05-17 13:03:41,916 - INFO - The feature region is not numeric and was therefore ignored
2025-05-17 13:03:41,924 - INFO - The feature charges has 139 values above 34489.350562499996
2025-05-17 13:03:41,924 - INFO - The feature charges has 0 values below -13109.1508975
2025-05-17 13:04:34,268 - INFO - Starting the search for the best eps value
2025-05-17 13:04:34,275 - INFO - 0 rows and 0 columns removed due to missing values.
2025-05-17 13:04:38,503 - INFO - Best eps: 0.56 for ~2.17% outliers
